[INFO] Scanning for projects...
[INFO]
[INFO] ------------------------------------------------------------------------
[INFO] Building fat-cucumber.jar 0.2
[INFO] ------------------------------------------------------------------------
[INFO]
[INFO] --- maven-clean-plugin:2.5:clean (default-clean) @ fat-cucumber.jar ---
[INFO] Deleting /home/jamie/workspaces/cucumber-jar/new-repo/target
[INFO]
[INFO] --- maven-resources-plugin:2.6:resources (default-resources) @ fat-cucumber.jar ---
[INFO] Copying 1 resource
[INFO]
[INFO] --- maven-compiler-plugin:3.1:compile (default-compile) @ fat-cucumber.jar ---
[INFO] Changes detected - recompiling the module!
[INFO] Compiling 2 source files to /home/jamie/workspaces/cucumber-jar/new-repo/target/classes
[INFO]
[INFO] --- maven-resources-plugin:2.6:testResources (default-testResources) @ fat-cucumber.jar ---
[INFO] skip non existing resourceDirectory /home/jamie/workspaces/cucumber-jar/new-repo/src/test/resources
[INFO]
[INFO] --- maven-compiler-plugin:3.1:testCompile (default-testCompile) @ fat-cucumber.jar ---
[INFO] Changes detected - recompiling the module!
[INFO] Compiling 1 source file to /home/jamie/workspaces/cucumber-jar/new-repo/target/test-classes
[INFO]
[INFO] --- maven-surefire-plugin:2.12.4:test (default-test) @ fat-cucumber.jar ---
[INFO] Surefire report directory: /home/jamie/workspaces/cucumber-jar/new-repo/target/surefire-reports

-------------------------------------------------------
 T E S T S
-------------------------------------------------------
Running me.jvt.hacking.StepsTest
Tests run: 5, Failures: 0, Errors: 0, Skipped: 0, Time elapsed: 0.194 sec

Results :

Tests run: 5, Failures: 0, Errors: 0, Skipped: 0

[INFO]
[INFO] --- maven-jar-plugin:2.4:jar (default-jar) @ fat-cucumber.jar ---
[INFO] Building jar: /home/jamie/workspaces/cucumber-jar/new-repo/target/fat-cucumber.jar-0.2.jar
[INFO]
[INFO] --- maven-shade-plugin:3.1.1:shade (default) @ fat-cucumber.jar ---
[INFO] Including io.cucumber:cucumber-junit:jar:3.0.2 in the shaded jar.
[INFO] Including io.cucumber:cucumber-core:jar:3.0.2 in the shaded jar.
[INFO] Including io.cucumber:cucumber-html:jar:0.2.7 in the shaded jar.
[INFO] Including io.cucumber:gherkin:jar:5.0.0 in the shaded jar.
[INFO] Including io.cucumber:tag-expressions:jar:1.1.1 in the shaded jar.
[INFO] Including io.cucumber:cucumber-expressions:jar:5.0.19 in the shaded jar.
[INFO] Including io.cucumber:datatable:jar:1.0.3 in the shaded jar.
[INFO] Including io.cucumber:datatable-dependencies:jar:1.0.3 in the shaded jar.
[INFO] Including io.cucumber:cucumber-java:jar:3.0.2 in the shaded jar.
[INFO] Including junit:junit:jar:4.12 in the shaded jar.
[INFO] Including org.hamcrest:hamcrest-core:jar:1.3 in the shaded jar.
[INFO] Including org.assertj:assertj-core:jar:3.10.0 in the shaded jar.
[INFO] Replacing original artifact with shaded artifact.
[INFO] Replacing /home/jamie/workspaces/cucumber-jar/new-repo/target/fat-cucumber.jar-0.2.jar with /home/jamie/workspaces/cucumber-jar/new-repo/target/fat-cucumber.jar-0.2-shaded.jar
[INFO] Dependency-reduced POM written at: /home/jamie/workspaces/cucumber-jar/new-repo/dependency-reduced-pom.xml
[INFO] ------------------------------------------------------------------------
[INFO] BUILD SUCCESS
[INFO] ------------------------------------------------------------------------
[INFO] Total time: 3.941 s
[INFO] Finished at: 2018-08-13T14:00:53+01:00
[INFO] Final Memory: 39M/214M
[INFO] ------------------------------------------------------------------------
